<?xml version="1.0" encoding="UTF-8"?>
<testng-results ignored="0" total="1" passed="1" failed="0" skipped="0">
  <reporter-output>
  </reporter-output>
  <suite started-at="2020-12-16T23:52:11Z" name="Default suite" finished-at="2020-12-16T23:54:50Z" duration-ms="158611">
    <groups>
      <group name="cucumber">
        <method signature="AbstractTestNGCucumberTests.runScenario(io.cucumber.testng.PickleWrapper, io.cucumber.testng.FeatureWrapper)[pri:0, instance:com.testRunners.SpicejetTestRunners@1c758545]" name="runScenario" class="io.cucumber.testng.AbstractTestNGCucumberTests"/>
      </group> <!-- cucumber -->
    </groups>
    <test started-at="2020-12-16T23:52:11Z" name="Default test" finished-at="2020-12-16T23:54:50Z" duration-ms="158611">
      <class name="com.testRunners.SpicejetTestRunners">
        <test-method is-config="true" signature="setUpClass()[pri:0, instance:com.testRunners.SpicejetTestRunners@1c758545]" started-at="2020-12-16T23:52:12Z" name="setUpClass" finished-at="2020-12-16T23:52:15Z" duration-ms="2912" status="PASS">
          <reporter-output>
          </reporter-output>
        </test-method> <!-- setUpClass -->
        <test-method signature="runScenario(io.cucumber.testng.PickleWrapper, io.cucumber.testng.FeatureWrapper)[pri:0, instance:com.testRunners.SpicejetTestRunners@1c758545]" started-at="2020-12-16T23:52:15Z" name="runScenario" description="Runs Cucumber Scenarios" data-provider="scenarios" finished-at="2020-12-16T23:54:48Z" duration-ms="153445" status="PASS">
          <params>
            <param index="0">
              <value>
                <![CDATA["Booking the Flights"]]>
              </value>
            </param>
            <param index="1">
              <value>
                <![CDATA["spicejetFlights"]]>
              </value>
            </param>
          </params>
          <reporter-output>
          </reporter-output>
        </test-method> <!-- runScenario -->
        <test-method is-config="true" signature="tearDownClass()[pri:0, instance:com.testRunners.SpicejetTestRunners@1c758545]" started-at="2020-12-16T23:54:49Z" name="tearDownClass" finished-at="2020-12-16T23:54:50Z" duration-ms="737" status="PASS">
          <reporter-output>
          </reporter-output>
        </test-method> <!-- tearDownClass -->
      </class> <!-- com.testRunners.SpicejetTestRunners -->
    </test> <!-- Default test -->
  </suite> <!-- Default suite -->
</testng-results>
